%!Adobe-FontList 1.16.1
%Locale:0x407

%BeginFont
Handler:DirectoryHandler
FontType:Invalid
OutlineFileName:C:\CREO\bibliothek\fonts\\Apache License.txt
FileModTime:1635691322
%EndFont

%BeginFont
Handler:DirectoryHandler
FontType:Invalid
OutlineFileName:C:\CREO\bibliothek\fonts\\open-sans.zip
FileModTime:1635709338
%EndFont

%BeginFont
Handler:DirectoryHandler
FontType:TrueType
FontName:OpenSans-Bold
FamilyName:Open Sans
StyleName:Bold
FullName:Open Sans Bold
MenuName:Open Sans
StyleBits:2
WritingScript:Roman
OutlineFileName:C:\CREO\bibliothek\fonts\\OpenSans-Bold.ttf
DataFormat:sfntData
FileLength:224592
FileModTime:1635691322
WeightClass:700
WidthClass:5
AngleClass:0
NameArray:0,Mac,4,Open Sans Bold
NameArray:0,Win,1,Open Sans
%EndFont

%BeginFont
Handler:DirectoryHandler
FontType:TrueType
FontName:OpenSans-BoldItalic
FamilyName:Open Sans
StyleName:Bold Italic
FullName:Open Sans Bold Italic
MenuName:Open Sans
StyleBits:3
WritingScript:Roman
OutlineFileName:C:\CREO\bibliothek\fonts\\OpenSans-BoldItalic.ttf
DataFormat:sfntData
FileLength:213292
FileModTime:1635691322
WeightClass:700
WidthClass:5
AngleClass:1
NameArray:0,Mac,4,Open Sans Bold Italic
NameArray:0,Win,1,Open Sans
%EndFont

%BeginFont
Handler:DirectoryHandler
FontType:TrueType
FontName:OpenSans-Extrabold
FamilyName:Open Sans
StyleName:Extrabold
FullName:Open Sans Extrabold
MenuName:Open Sans Extrabold
StyleBits:0
WritingScript:Roman
OutlineFileName:C:\CREO\bibliothek\fonts\\OpenSans-ExtraBold.ttf
DataFormat:sfntData
FileLength:222584
FileModTime:1635691322
WeightClass:800
WidthClass:5
AngleClass:0
NameArray:0,Mac,4,Open Sans Extrabold
NameArray:0,Win,1,Open Sans Extrabold
NameArray:0,Win,16,Open Sans
%EndFont

%BeginFont
Handler:DirectoryHandler
FontType:TrueType
FontName:OpenSans-ExtraboldItalic
FamilyName:Open Sans
StyleName:Extrabold Italic
FullName:Open Sans Extrabold Italic
MenuName:Open Sans Extrabold
StyleBits:1
WritingScript:Roman
OutlineFileName:C:\CREO\bibliothek\fonts\\OpenSans-ExtraBoldItalic.ttf
DataFormat:sfntData
FileLength:213420
FileModTime:1635691322
WeightClass:800
WidthClass:5
AngleClass:1
NameArray:0,Mac,4,Open Sans Extrabold Italic
NameArray:0,Win,1,Open Sans Extrabold
NameArray:0,Win,16,Open Sans
%EndFont

%BeginFont
Handler:DirectoryHandler
FontType:TrueType
FontName:OpenSans-Italic
FamilyName:Open Sans
StyleName:Italic
FullName:Open Sans Italic
MenuName:Open Sans
StyleBits:1
WritingScript:Roman
OutlineFileName:C:\CREO\bibliothek\fonts\\OpenSans-Italic.ttf
DataFormat:sfntData
FileLength:212896
FileModTime:1635691322
WeightClass:400
WidthClass:5
AngleClass:1
NameArray:0,Mac,4,Open Sans Italic
NameArray:0,Win,1,Open Sans
%EndFont

%BeginFont
Handler:DirectoryHandler
FontType:TrueType
FontName:OpenSans-Light
FamilyName:Open Sans
StyleName:Light
FullName:Open Sans Light
MenuName:Open Sans Light
StyleBits:0
WritingScript:Roman
OutlineFileName:C:\CREO\bibliothek\fonts\\OpenSans-Light.ttf
DataFormat:sfntData
FileLength:222412
FileModTime:1635691322
WeightClass:300
WidthClass:5
AngleClass:0
NameArray:0,Mac,4,Open Sans Light
NameArray:0,Win,1,Open Sans Light
NameArray:0,Win,16,Open Sans
%EndFont

%BeginFont
Handler:DirectoryHandler
FontType:TrueType
FontName:OpenSansLight-Italic
FamilyName:Open Sans
StyleName:Light Italic
FullName:Open Sans Light Italic
MenuName:Open Sans Light
StyleBits:1
WritingScript:Roman
OutlineFileName:C:\CREO\bibliothek\fonts\\OpenSans-LightItalic.ttf
DataFormat:sfntData
FileLength:213128
FileModTime:1635691322
WeightClass:300
WidthClass:5
AngleClass:1
NameArray:0,Mac,4,Open Sans Light Italic
NameArray:0,Win,1,Open Sans Light
NameArray:0,Win,16,Open Sans
%EndFont

%BeginFont
Handler:DirectoryHandler
FontType:TrueType
FontName:OpenSans
FamilyName:Open Sans
StyleName:Regular
FullName:Open Sans
MenuName:Open Sans
StyleBits:0
WritingScript:Roman
OutlineFileName:C:\CREO\bibliothek\fonts\\OpenSans-Regular.ttf
DataFormat:sfntData
FileLength:217360
FileModTime:1635691322
WeightClass:400
WidthClass:5
AngleClass:0
NameArray:0,Mac,4,Open Sans
NameArray:0,Win,1,Open Sans
%EndFont

%BeginFont
Handler:DirectoryHandler
FontType:TrueType
FontName:OpenSans-Semibold
FamilyName:Open Sans
StyleName:Semibold
FullName:Open Sans Semibold
MenuName:Open Sans Semibold
StyleBits:0
WritingScript:Roman
OutlineFileName:C:\CREO\bibliothek\fonts\\OpenSans-Semibold.ttf
DataFormat:sfntData
FileLength:221328
FileModTime:1635691322
WeightClass:600
WidthClass:5
AngleClass:0
NameArray:0,Mac,4,Open Sans Semibold
NameArray:0,Win,1,Open Sans Semibold
NameArray:0,Win,16,Open Sans
%EndFont

%BeginFont
Handler:DirectoryHandler
FontType:TrueType
FontName:OpenSans-SemiboldItalic
FamilyName:Open Sans
StyleName:Semibold Italic
FullName:Open Sans Semibold Italic
MenuName:Open Sans Semibold
StyleBits:1
WritingScript:Roman
OutlineFileName:C:\CREO\bibliothek\fonts\\OpenSans-SemiboldItalic.ttf
DataFormat:sfntData
FileLength:212820
FileModTime:1635691322
WeightClass:600
WidthClass:5
AngleClass:1
NameArray:0,Mac,4,Open Sans Semibold Italic
NameArray:0,Win,1,Open Sans Semibold
NameArray:0,Win,16,Open Sans
%EndFont

